<?xml version="1.0" encoding="UTF-8" ?>
<testsuite failures="1" time="211,218.922" errors="0" skipped="0" tests="3" name="ThucydidesExample.SearchByKeywordStoryTest">
  <properties>
[...]
</properties>
  <testcase time="0.005" classname="ThucydidesExample.SearchByKeywordStoryTest" name="searching_by_keyword_apple_should_display_the_corresponding_article">
    <failure message="&lt;[&apos;A common, round fruit produced by the tree Malus domestica, cultivated in temperate climates. [from 9th c.]  [quotations ▼]&apos;, &apos;&apos;, &apos;&apos;, &apos;&apos;, &apos;Any of various tree-borne fruits or vegetables especially considered as resembling an apple; also (with qualifying words) used to form the names of other specific fruits such as custard apple, thorn apple etc. [from 9th c.]  [quotations ▼]&apos;, &apos;&apos;, &apos;&apos;, &apos;&apos;, &apos;The fruit of the Tree of Knowledge, eaten by Adam and Eve according to post-Biblical Christian tradition; the forbidden fruit. [from 11th c.]  [quotations ▼]&apos;, &apos;&apos;, &apos;&apos;, &apos;A tree of the genus Malus, especially one cultivated for its edible fruit; the apple tree. [from 15th c.]  [quotations ▼]&apos;, &apos;&apos;, &apos;&apos;, &apos;&apos;, &apos;&apos;, &apos;The wood of the apple tree. [from 19th c.]&apos;, &apos;(in the plural, Cockney rhyming slang) Short for apples and pears, slang for stairs. [from 20th c.]&apos;, &apos;(baseball, slang, obsolete) The ball in baseball. [from 20th c.]&apos;, &apos;(informal) When smiling, the round, fleshy part of the cheeks between the eyes and the corners of the mouth.&apos;]&gt; does not contain element(s):&lt;[&apos;A common, round fruit produced by the tree Malus domestica, cultivated in temperate climates.&apos;]&gt;" type="java.lang.AssertionError">java.lang.AssertionError: &lt;[&apos;A common, round fruit produced by the tree Malus domestica, cultivated in temperate climates. [from 9th c.]  [quotations ▼]&apos;, &apos;&apos;, &apos;&apos;, &apos;&apos;, &apos;Any of various tree-borne fruits or vegetables especially considered as resembling an apple; also (with qualifying words) used to form the names of other specific fruits such as custard apple, thorn apple etc. [from 9th c.]  [quotations ▼]&apos;, &apos;&apos;, &apos;&apos;, &apos;&apos;, &apos;The fruit of the Tree of Knowledge, eaten by Adam and Eve according to post-Biblical Christian tradition; the forbidden fruit. [from 11th c.]  [quotations ▼]&apos;, &apos;&apos;, &apos;&apos;, &apos;A tree of the genus Malus, especially one cultivated for its edible fruit; the apple tree. [from 15th c.]  [quotations ▼]&apos;, &apos;&apos;, &apos;&apos;, &apos;&apos;, &apos;&apos;, &apos;The wood of the apple tree. [from 19th c.]&apos;, &apos;(in the plural, Cockney rhyming slang) Short for apples and pears, slang for stairs. [from 20th c.]&apos;, &apos;(baseball, slang, obsolete) The ball in baseball. [from 20th c.]&apos;, &apos;(informal) When smiling, the round, fleshy part of the cheeks between the eyes and the corners of the mouth.&apos;]&gt; does not contain element(s):&lt;[&apos;A common, round fruit produced by the tree Malus domestica, cultivated in temperate climates.&apos;]&gt;
	at org.fest.assertions.Fail.failure(Fail.java:228)
	at org.fest.assertions.Assert.failure(Assert.java:149)
	at org.fest.assertions.ItemGroupAssert.failureIfExpectedElementsNotFound(ItemGroupAssert.java:102)
	at org.fest.assertions.ItemGroupAssert.assertContains(ItemGroupAssert.java:57)
	at org.fest.assertions.ObjectGroupAssert.contains(ObjectGroupAssert.java:51)
	at ThucydidesExample.steps.EndUserSteps.should_see_definition(EndUserSteps.java:27)
	at ThucydidesExample.steps.EndUserSteps$$EnhancerByCGLIB$$e7d2f284.CGLIB$should_see_definition$2(&lt;generated&gt;)
	at ThucydidesExample.steps.EndUserSteps$$EnhancerByCGLIB$$e7d2f284$$FastClassByCGLIB$$b992436c.invoke(&lt;generated&gt;)
	at net.sf.cglib.proxy.MethodProxy.invokeSuper(MethodProxy.java:228)
	at net.thucydides.core.steps.StepInterceptor.executeTestStepMethod(StepInterceptor.java:278)
	at net.thucydides.core.steps.StepInterceptor.runTestStep(StepInterceptor.java:256)
	at net.thucydides.core.steps.StepInterceptor.testStepResult(StepInterceptor.java:127)
	at net.thucydides.core.steps.StepInterceptor.intercept(StepInterceptor.java:53)
	at ThucydidesExample.steps.EndUserSteps$$EnhancerByCGLIB$$e7d2f284.should_see_definition(&lt;generated&gt;)
	at ThucydidesExample.SearchByKeywordStoryTest.searching_by_keyword_apple_should_display_the_corresponding_article(SearchByKeywordStoryTest.java:31)
	at sun.reflect.NativeMethodAccessorImpl.invoke0(Native Method)
	at sun.reflect.NativeMethodAccessorImpl.invoke(NativeMethodAccessorImpl.java:57)
	at sun.reflect.DelegatingMethodAccessorImpl.invoke(DelegatingMethodAccessorImpl.java:43)
	at java.lang.reflect.Method.invoke(Method.java:601)
	at org.junit.runners.model.FrameworkMethod$1.runReflectiveCall(FrameworkMethod.java:44)
	at org.junit.internal.runners.model.ReflectiveCallable.run(ReflectiveCallable.java:15)
	at org.junit.runners.model.FrameworkMethod.invokeExplosively(FrameworkMethod.java:41)
	at org.junit.internal.runners.statements.InvokeMethod.evaluate(InvokeMethod.java:20)
	at net.thucydides.junit.runners.ThucydidesStatement.evaluate(ThucydidesStatement.java:21)
	at org.junit.runners.BlockJUnit4ClassRunner.runNotIgnored(BlockJUnit4ClassRunner.java:79)
	at org.junit.runners.BlockJUnit4ClassRunner.runChild(BlockJUnit4ClassRunner.java:71)
	at net.thucydides.junit.runners.ThucydidesRunner.runChild(ThucydidesRunner.java:413)
	at net.thucydides.junit.runners.ThucydidesRunner.runChild(ThucydidesRunner.java:64)
	at org.junit.runners.ParentRunner$3.run(ParentRunner.java:193)
	at org.junit.runners.ParentRunner$1.schedule(ParentRunner.java:52)
	at org.junit.runners.ParentRunner.runChildren(ParentRunner.java:191)
	at org.junit.runners.ParentRunner.access$000(ParentRunner.java:42)
	at org.junit.runners.ParentRunner$2.evaluate(ParentRunner.java:184)
	at org.junit.runners.ParentRunner.run(ParentRunner.java:236)
	at net.thucydides.junit.runners.ThucydidesRunner.run(ThucydidesRunner.java:239)
	at org.apache.maven.surefire.junitcore.ClassDemarcatingRunner.run(ClassDemarcatingRunner.java:58)
	at org.junit.runners.Suite.runChild(Suite.java:128)
	at org.junit.runners.Suite.runChild(Suite.java:24)
	at org.junit.runners.ParentRunner$3.run(ParentRunner.java:193)
	at java.util.concurrent.Executors$RunnableAdapter.call(Executors.java:471)
	at java.util.concurrent.FutureTask$Sync.innerRun(FutureTask.java:334)
	at java.util.concurrent.FutureTask.run(FutureTask.java:166)
	at java.util.concurrent.ThreadPoolExecutor.runWorker(ThreadPoolExecutor.java:1110)
	at java.util.concurrent.ThreadPoolExecutor$Worker.run(ThreadPoolExecutor.java:603)
	at java.lang.Thread.run(Thread.java:722)
</failure>
    <system-err>509 [pool-1-thread-1] INFO net.thucydides.core.Thucydides - 

-------------------------------------------------------------------------------------------------------
.___________. __    __   __    __    ______ ____    ____  _______   __   _______   _______     _______.
|           ||  |  |  | |  |  |  |  /      |\   \  /   / |       \ |  | |       \ |   ____|   /       |
`---|  |----`|  |__|  | |  |  |  | |  ,----&apos; \   \/   /  |  .--.  ||  | |  .--.  ||  |__     |   (----`
    |  |     |   __   | |  |  |  | |  |       \_    _/   |  |  |  ||  | |  |  |  ||   __|     \   \    
    |  |     |  |  |  | |  `--&apos;  | |  `----.    |  |     |  &apos;--&apos;  ||  | |  &apos;--&apos;  ||  |____.----)   |   
    |__|     |__|  |__|  \______/   \______|    |__|     |_______/ |__| |_______/ |_______|_______/    
                                                                                                       
-------------------------------------------------------------------------------------------------------

535 [pool-1-thread-1] INFO net.thucydides.core.Thucydides - Test Suite Started: Search by keyword story test
599 [pool-1-thread-1] INFO net.thucydides.core.Thucydides - 
  _____ _____ ____ _____   ____ _____  _    ____ _____ _____ ____  
 |_   _| ____/ ___|_   _| / ___|_   _|/ \  |  _ \_   _| ____|  _ \ 
   | | |  _| \___ \ | |   \___ \ | | / _ \ | |_) || | |  _| | | | |
   | | | |___ ___) || |    ___) || |/ ___ \|  _ &lt; | | | |___| |_| |
   |_| |_____|____/ |_|   |____/ |_/_/   \_\_| \_\|_| |_____|____/ 
                                                                   

TEST STARTED: searching_by_keyword_apple_should_display_the_corresponding_article
--------------------------------------------------------------------
600 [pool-1-thread-1] INFO net.thucydides.core.Thucydides - TEST NUMBER: 1
748 [pool-1-thread-1] INFO net.thucydides.core.steps.StepInterceptor - STARTING STEP: is_the_home_page
log4j:WARN No appenders could be found for logger (org.apache.http.impl.conn.tsccm.ThreadSafeClientConnManager).
log4j:WARN Please initialize the log4j system properly.
11377 [pool-1-thread-1] INFO net.thucydides.core.steps.StepInterceptor - STEP DONE: is_the_home_page
11535 [pool-1-thread-1] INFO net.thucydides.core.steps.StepInterceptor - STARTING STEP: looks_for
11693 [pool-1-thread-1] INFO net.thucydides.core.steps.StepInterceptor - STARTING STEP: enters
13258 [pool-1-thread-1] INFO net.thucydides.core.steps.StepInterceptor - STEP DONE: enters
13416 [pool-1-thread-1] INFO net.thucydides.core.steps.StepInterceptor - STARTING STEP: starts_search
15685 [pool-1-thread-1] WARN net.thucydides.core.screenshots.ScreenshotAndHtmlSource - Failed to compare screenshots: target\site\thucydides\screenshot-559fa95ef45be69d396d582728c298080a5f214792638bab9322c0fbe48d6c126.png (�� ������� ����� ��������� ����)
15685 [pool-1-thread-1] INFO net.thucydides.core.steps.StepInterceptor - STEP DONE: starts_search
16211 [pool-1-thread-1] INFO net.thucydides.core.steps.StepInterceptor - STEP DONE: looks_for
16780 [pool-1-thread-1] INFO net.thucydides.core.steps.StepInterceptor - STARTING STEP: should_see_definition
17809 [pool-1-thread-1] WARN net.thucydides.core.screenshots.ScreenshotAndHtmlSource - Failed to compare screenshots: target\site\thucydides\screenshot-6c358671fbd90831914777242c3c4f1ef7efee39edf06f4224a37a9b8b4b41909.png (�� ������� ����� ��������� ����)
17811 [pool-1-thread-1] INFO net.thucydides.core.steps.StepInterceptor - STEP FAILED: should_see_definition - &lt;[&apos;A common, round fruit produced by the tree Malus domestica, cultivated in temperate climates. [from 9th c.] ?[quotations ?]&apos;, &apos;&apos;, &apos;&apos;, &apos;&apos;, &apos;Any of various tree-borne fruits or vegetables especially considered as resembling an apple; also (with qualifying words) used to form the names of other specific fruits such as custard apple, thorn apple etc. [from 9th c.] ?[quotations ?]&apos;, &apos;&apos;, &apos;&apos;, &apos;&apos;, &apos;The fruit of the Tree of Knowledge, eaten by Adam and Eve according to post-Biblical Christian tradition; the forbidden fruit. [from 11th c.] ?[quotations ?]&apos;, &apos;&apos;, &apos;&apos;, &apos;A tree of the genus Malus, especially one cultivated for its edible fruit; the apple tree. [from 15th c.] ?[quotations ?]&apos;, &apos;&apos;, &apos;&apos;, &apos;&apos;, &apos;&apos;, &apos;The wood of the apple tree. [from 19th c.]&apos;, &apos;(in the plural, Cockney rhyming slang) Short for apples and pears, slang for stairs. [from 20th c.]&apos;, &apos;(baseball, slang, obsolete) The ball in baseball. [from 20th c.]&apos;, &apos;(informal) When smiling, the round, fleshy part of the cheeks between the eyes and the corners of the mouth.&apos;]&gt; does not contain element(s):&lt;[&apos;A common, round fruit produced by the tree Malus domestica, cultivated in temperate climates.&apos;]&gt;
17958 [pool-1-thread-1] INFO net.thucydides.core.Thucydides - 
           __  _____ _____ ____ _____   _____ _    ___ _     _____ ____  
  _       / / |_   _| ____/ ___|_   _| |  ___/ \  |_ _| |   | ____|  _ \ 
 (_)_____| |    | | |  _| \___ \ | |   | |_ / _ \  | || |   |  _| | | | |
  _|_____| |    | | | |___ ___) || |   |  _/ ___ \ | || |___| |___| |_| |
 (_)     | |    |_| |_____|____/ |_|   |_|/_/   \_\___|_____|_____|____/ 
          \_\                                                            

TEST FAILED: Searching by keyword apple should display the corresponding article
--------------------------------------------------------------------------
17962 [pool-1-thread-1] INFO net.thucydides.core.Thucydides - RELATED ISSUES: WIKI-1
17962 [pool-1-thread-1] INFO net.thucydides.core.Thucydides - 
  _____ _    ___ _     _   _ ____  _____ 
 |  ___/ \  |_ _| |   | | | |  _ \| ____|
 | |_ / _ \  | || |   | | | | |_) |  _|  
 |  _/ ___ \ | || |___| |_| |  _ &lt;| |___ 
 |_|/_/   \_\___|_____|\___/|_| \_\_____|
                                         

&lt;[&apos;A common, round fruit produced by the tree Malus domestica, cultivated in temperate climates. [from 9th c.] ?[quotations ?]&apos;, &apos;&apos;, &apos;&apos;, &apos;&apos;, &apos;Any of various tree-borne fruits or vegetables especially considered as resembling an apple; also (with qualifying words) used to form the names of other specific fruits such as custard apple, thorn apple etc. [from 9th c.] ?[quotations ?]&apos;, &apos;&apos;, &apos;&apos;, &apos;&apos;, &apos;The fruit of the Tree of Knowledge, eaten by Adam and Eve according to post-Biblical Christian tradition; the forbidden fruit. [from 11th c.] ?[quotations ?]&apos;, &apos;&apos;, &apos;&apos;, &apos;A tree of the genus Malus, especially one cultivated for its edible fruit; the apple tree. [from 15th c.] ?[quotations ?]&apos;, &apos;&apos;, &apos;&apos;, &apos;&apos;, &apos;&apos;, &apos;The wood of the apple tree. [from 19th c.]&apos;, &apos;(in the plural, Cockney rhyming slang) Short for apples and pears, slang for stairs. [from 20th c.]&apos;, &apos;(baseball, slang, obsolete) The ball in baseball. [from 20th c.]&apos;, &apos;(informal) When smiling, the round, fleshy part of the cheeks between the eyes and the corners of the mouth.&apos;]&gt; does not contain element(s):&lt;[&apos;A common, round fruit produced by the tree Malus domestica, cultivated in temperate climates.&apos;]&gt;
</system-err>
  </testcase>
  <testcase time="5.435" classname="ThucydidesExample.SearchByKeywordStoryTest" name="searching_by_keyword_banana_should_display_the_corresponding_article"/>
  <testcase time="211,213.482" classname="ThucydidesExample.SearchByKeywordStoryTest" name="searching_by_ambiguious_keyword_should_display_the_disambiguation_page"/>
</testsuite>