-------------------------------------------------------------------------------
Test set: ThucydidesExample.SearchByKeywordStoryTest
-------------------------------------------------------------------------------
Tests run: 3, Failures: 1, Errors: 0, Skipped: 0, Time elapsed: 211,236.36 sec <<< FAILURE!
searching_by_keyword_apple_should_display_the_corresponding_article(ThucydidesExample.SearchByKeywordStoryTest)  Time elapsed: 0.005 sec  <<< FAILURE!
java.lang.AssertionError: <['A common, round fruit produced by the tree Malus domestica, cultivated in temperate climates. [from 9th c.]  [quotations ▼]', '', '', '', 'Any of various tree-borne fruits or vegetables especially considered as resembling an apple; also (with qualifying words) used to form the names of other specific fruits such as custard apple, thorn apple etc. [from 9th c.]  [quotations ▼]', '', '', '', 'The fruit of the Tree of Knowledge, eaten by Adam and Eve according to post-Biblical Christian tradition; the forbidden fruit. [from 11th c.]  [quotations ▼]', '', '', 'A tree of the genus Malus, especially one cultivated for its edible fruit; the apple tree. [from 15th c.]  [quotations ▼]', '', '', '', '', 'The wood of the apple tree. [from 19th c.]', '(in the plural, Cockney rhyming slang) Short for apples and pears, slang for stairs. [from 20th c.]', '(baseball, slang, obsolete) The ball in baseball. [from 20th c.]', '(informal) When smiling, the round, fleshy part of the cheeks between the eyes and the corners of the mouth.']> does not contain element(s):<['A common, round fruit produced by the tree Malus domestica, cultivated in temperate climates.']>
	at org.fest.assertions.Fail.failure(Fail.java:228)
	at org.fest.assertions.Assert.failure(Assert.java:149)
	at org.fest.assertions.ItemGroupAssert.failureIfExpectedElementsNotFound(ItemGroupAssert.java:102)
	at org.fest.assertions.ItemGroupAssert.assertContains(ItemGroupAssert.java:57)
	at org.fest.assertions.ObjectGroupAssert.contains(ObjectGroupAssert.java:51)
	at ThucydidesExample.steps.EndUserSteps.should_see_definition(EndUserSteps.java:27)
	at ThucydidesExample.steps.EndUserSteps$$EnhancerByCGLIB$$e7d2f284.CGLIB$should_see_definition$2(<generated>)
	at ThucydidesExample.steps.EndUserSteps$$EnhancerByCGLIB$$e7d2f284$$FastClassByCGLIB$$b992436c.invoke(<generated>)
	at net.sf.cglib.proxy.MethodProxy.invokeSuper(MethodProxy.java:228)
	at net.thucydides.core.steps.StepInterceptor.executeTestStepMethod(StepInterceptor.java:278)
	at net.thucydides.core.steps.StepInterceptor.runTestStep(StepInterceptor.java:256)
	at net.thucydides.core.steps.StepInterceptor.testStepResult(StepInterceptor.java:127)
	at net.thucydides.core.steps.StepInterceptor.intercept(StepInterceptor.java:53)
	at ThucydidesExample.steps.EndUserSteps$$EnhancerByCGLIB$$e7d2f284.should_see_definition(<generated>)
	at ThucydidesExample.SearchByKeywordStoryTest.searching_by_keyword_apple_should_display_the_corresponding_article(SearchByKeywordStoryTest.java:31)
	at sun.reflect.NativeMethodAccessorImpl.invoke0(Native Method)
	at sun.reflect.NativeMethodAccessorImpl.invoke(NativeMethodAccessorImpl.java:57)
	at sun.reflect.DelegatingMethodAccessorImpl.invoke(DelegatingMethodAccessorImpl.java:43)
	at java.lang.reflect.Method.invoke(Method.java:601)
	at org.junit.runners.model.FrameworkMethod$1.runReflectiveCall(FrameworkMethod.java:44)
	at org.junit.internal.runners.model.ReflectiveCallable.run(ReflectiveCallable.java:15)
	at org.junit.runners.model.FrameworkMethod.invokeExplosively(FrameworkMethod.java:41)
	at org.junit.internal.runners.statements.InvokeMethod.evaluate(InvokeMethod.java:20)
	at net.thucydides.junit.runners.ThucydidesStatement.evaluate(ThucydidesStatement.java:21)
	at org.junit.runners.BlockJUnit4ClassRunner.runNotIgnored(BlockJUnit4ClassRunner.java:79)
	at org.junit.runners.BlockJUnit4ClassRunner.runChild(BlockJUnit4ClassRunner.java:71)
	at net.thucydides.junit.runners.ThucydidesRunner.runChild(ThucydidesRunner.java:413)
	at net.thucydides.junit.runners.ThucydidesRunner.runChild(ThucydidesRunner.java:64)
	at org.junit.runners.ParentRunner$3.run(ParentRunner.java:193)
	at org.junit.runners.ParentRunner$1.schedule(ParentRunner.java:52)
	at org.junit.runners.ParentRunner.runChildren(ParentRunner.java:191)
	at org.junit.runners.ParentRunner.access$000(ParentRunner.java:42)
	at org.junit.runners.ParentRunner$2.evaluate(ParentRunner.java:184)
	at org.junit.runners.ParentRunner.run(ParentRunner.java:236)
	at net.thucydides.junit.runners.ThucydidesRunner.run(ThucydidesRunner.java:239)
	at org.apache.maven.surefire.junitcore.ClassDemarcatingRunner.run(ClassDemarcatingRunner.java:58)
	at org.junit.runners.Suite.runChild(Suite.java:128)
	at org.junit.runners.Suite.runChild(Suite.java:24)
	at org.junit.runners.ParentRunner$3.run(ParentRunner.java:193)
	at java.util.concurrent.Executors$RunnableAdapter.call(Executors.java:471)
	at java.util.concurrent.FutureTask$Sync.innerRun(FutureTask.java:334)
	at java.util.concurrent.FutureTask.run(FutureTask.java:166)
	at java.util.concurrent.ThreadPoolExecutor.runWorker(ThreadPoolExecutor.java:1110)
	at java.util.concurrent.ThreadPoolExecutor$Worker.run(ThreadPoolExecutor.java:603)
	at java.lang.Thread.run(Thread.java:722)
